GestureApp/app/build/intermediates/manifest_merge_blame_file/debug/processDebugMainManifest/manifest-merger-blame-debug-report.txt
1<?xml version="1.0" encoding="utf-8"?>
2<manifest xmlns:android="http://schemas.android.com/apk/res/android"
3    package="com.gesture.app"
4    android:versionCode="10"
5    android:versionName="1.0.10" >
6
7    <uses-sdk
8        android:minSdkVersion="24"
9        android:targetSdkVersion="34" />
10
11    <uses-permission android:name="android.permission.INTERNET" />
11-->src\main\AndroidManifest.xml:3:5-67
11-->src\main\AndroidManifest.xml:3:22-64
12    <uses-permission android:name="android.permission.VIBRATE" />
12-->src\main\AndroidManifest.xml:4:5-66
12-->src\main\AndroidManifest.xml:4:22-63
13    <!-- Required on Android 12+ (API 31+) when using fastest sensor rate (SENSOR_DELAY_FASTEST) -->
14    <uses-permission android:name="android.permission.HIGH_SAMPLING_RATE_SENSORS" />
14-->src\main\AndroidManifest.xml:6:5-85
14-->src\main\AndroidManifest.xml:6:22-82
15
16    <permission
16-->[androidx.core:core:1.12.0] AndroidManifest.xml:22:5-24:47
17        android:name="com.gesture.app.DYNAMIC_RECEIVER_NOT_EXPORTED_PERMISSION"
17-->[androidx.core:core:1.12.0] AndroidManifest.xml:23:9-81
18        android:protectionLevel="signature" />
18-->[androidx.core:core:1.12.0] AndroidManifest.xml:24:9-44
19
20    <uses-permission android:name="com.gesture.app.DYNAMIC_RECEIVER_NOT_EXPORTED_PERMISSION" />
20-->[androidx.core:core:1.12.0] AndroidManifest.xml:26:5-97
20-->[androidx.core:core:1.12.0] AndroidManifest.xml:26:22-94
21
22    <application
22-->src\main\AndroidManifest.xml:7:5-25:19
23        android:allowBackup="true"
23-->src\main\AndroidManifest.xml:8:9-35
24        android:appComponentFactory="androidx.core.app.CoreComponentFactory"
24-->[androidx.core:core:1.12.0] AndroidManifest.xml:28:18-86
25        android:debuggable="true"
26        android:extractNativeLibs="false"
27        android:forceDarkAllowed="false"
27-->src\main\AndroidManifest.xml:14:9-41
28        android:icon="@mipmap/ic_launcher"
28-->src\main\AndroidManifest.xml:9:9-43
29        android:label="@string/app_name"
29-->src\main\AndroidManifest.xml:10:9-41
30        android:roundIcon="@mipmap/ic_launcher_round"
30-->src\main\AndroidManifest.xml:11:9-54
31        android:supportsRtl="true"
31-->src\main\AndroidManifest.xml:12:9-35
32        android:theme="@style/Theme.GestureApp" >
32-->src\main\AndroidManifest.xml:13:9-48
33        <activity
33-->src\main\AndroidManifest.xml:15:9-24:20
34            android:name="com.gesture.app.MainActivity"
34-->src\main\AndroidManifest.xml:16:13-41
35            android:exported="true"
35-->src\main\AndroidManifest.xml:17:13-36
36            android:screenOrientation="portrait"
36-->src\main\AndroidManifest.xml:18:13-49
37            android:theme="@style/Theme.GestureApp" >
37-->src\main\AndroidManifest.xml:19:13-52
38            <intent-filter>
38-->src\main\AndroidManifest.xml:20:13-23:29
39                <action android:name="android.intent.action.MAIN" />
39-->src\main\AndroidManifest.xml:21:17-69
39-->src\main\AndroidManifest.xml:21:25-66
40
41                <category android:name="android.intent.category.LAUNCHER" />
41-->src\main\AndroidManifest.xml:22:17-77
41-->src\main\AndroidManifest.xml:22:27-74
42            </intent-filter>
43        </activity>
44
45        <provider
45-->[androidx.emoji2:emoji2:1.2.0] AndroidManifest.xml:24:9-32:20
46            android:name="androidx.startup.InitializationProvider"
46-->[androidx.emoji2:emoji2:1.2.0] AndroidManifest.xml:25:13-67
47            android:authorities="com.gesture.app.androidx-startup"
47-->[androidx.emoji2:emoji2:1.2.0] AndroidManifest.xml:26:13-68
48            android:exported="false" >
48-->[androidx.emoji2:emoji2:1.2.0] AndroidManifest.xml:27:13-37
49            <meta-data
49-->[androidx.emoji2:emoji2:1.2.0] AndroidManifest.xml:29:13-31:52
50                android:name="androidx.emoji2.text.EmojiCompatInitializer"
50-->[androidx.emoji2:emoji2:1.2.0] AndroidManifest.xml:30:17-75
51                android:value="androidx.startup" />
51-->[androidx.emoji2:emoji2:1.2.0] AndroidManifest.xml:31:17-49
52            <meta-data
52-->[androidx.lifecycle:lifecycle-process:2.6.1] AndroidManifest.xml:29:13-31:52
53                android:name="androidx.lifecycle.ProcessLifecycleInitializer"
53-->[androidx.lifecycle:lifecycle-process:2.6.1] AndroidManifest.xml:30:17-78
54                android:value="androidx.startup" />
54-->[androidx.lifecycle:lifecycle-process:2.6.1] AndroidManifest.xml:31:17-49
55            <meta-data
55-->[androidx.profileinstaller:profileinstaller:1.3.0] AndroidManifest.xml:29:13-31:52
56                android:name="androidx.profileinstaller.ProfileInstallerInitializer"
56-->[androidx.profileinstaller:profileinstaller:1.3.0] AndroidManifest.xml:30:17-85
57                android:value="androidx.startup" />
57-->[androidx.profileinstaller:profileinstaller:1.3.0] AndroidManifest.xml:31:17-49
58        </provider>
59
60        <receiver
60-->[androidx.profileinstaller:profileinstaller:1.3.0] AndroidManifest.xml:34:9-52:20
61            android:name="androidx.profileinstaller.ProfileInstallReceiver"
61-->[androidx.profileinstaller:profileinstaller:1.3.0] AndroidManifest.xml:35:13-76
62            android:directBootAware="false"
62-->[androidx.profileinstaller:profileinstaller:1.3.0] AndroidManifest.xml:36:13-44
63            android:enabled="true"
63-->[androidx.profileinstaller:profileinstaller:1.3.0] AndroidManifest.xml:37:13-35
64            android:exported="true"
64-->[androidx.profileinstaller:profileinstaller:1.3.0] AndroidManifest.xml:38:13-36
65            android:permission="android.permission.DUMP" >
65-->[androidx.profileinstaller:profileinstaller:1.3.0] AndroidManifest.xml:39:13-57
66            <intent-filter>
66-->[androidx.profileinstaller:profileinstaller:1.3.0] AndroidManifest.xml:40:13-42:29
67                <action android:name="androidx.profileinstaller.action.INSTALL_PROFILE" />
67-->[androidx.profileinstaller:profileinstaller:1.3.0] AndroidManifest.xml:41:17-91
67-->[androidx.profileinstaller:profileinstaller:1.3.0] AndroidManifest.xml:41:25-88
68            </intent-filter>
69            <intent-filter>
69-->[androidx.profileinstaller:profileinstaller:1.3.0] AndroidManifest.xml:43:13-45:29
70                <action android:name="androidx.profileinstaller.action.SKIP_FILE" />
70-->[androidx.profileinstaller:profileinstaller:1.3.0] AndroidManifest.xml:44:17-85
70-->[androidx.profileinstaller:profileinstaller:1.3.0] AndroidManifest.xml:44:25-82
71            </intent-filter>
72            <intent-filter>
72-->[androidx.profileinstaller:profileinstaller:1.3.0] AndroidManifest.xml:46:13-48:29
73                <action android:name="androidx.profileinstaller.action.SAVE_PROFILE" />
73-->[androidx.profileinstaller:profileinstaller:1.3.0] AndroidManifest.xml:47:17-88
73-->[androidx.profileinstaller:profileinstaller:1.3.0] AndroidManifest.xml:47:25-85
74            </intent-filter>
75            <intent-filter>
75-->[androidx.profileinstaller:profileinstaller:1.3.0] AndroidManifest.xml:49:13-51:29
76                <action android:name="androidx.profileinstaller.action.BENCHMARK_OPERATION" />
76-->[androidx.profileinstaller:profileinstaller:1.3.0] AndroidManifest.xml:50:17-95
76-->[androidx.profileinstaller:profileinstaller:1.3.0] AndroidManifest.xml:50:25-92
77            </intent-filter>
78        </receiver>
79    </application>
80
81</manifest>